<?xml version="1.0" encoding="UTF-8"?>
<!-- Generated by org.testng.reporters.JUnitReportReporter -->
<testsuite hostname="ASIF" name="com.runner.TestRunnerDemo" tests="1" failures="0" timestamp="18 Apr 2019 12:33:39 GMT" time="42.658" errors="0">
  <testcase name="feature" time="42.658" classname="com.runner.TestRunnerDemo"/>
</testsuite> <!-- com.runner.TestRunnerDemo -->
