<?xml version="1.0" encoding="UTF-8"?>
<!-- Generated by org.testng.reporters.JUnitReportReporter -->
<testsuite hostname="ASIF" name="com.pages.NewTest" tests="2" failures="0" timestamp="18 Apr 2019 05:20:36 GMT" time="57.085" errors="0">
  <testcase name="f" time="56.764" classname="com.pages.NewTest"/>
  <testcase name="date" time="0.321" classname="com.pages.NewTest"/>
</testsuite> <!-- com.pages.NewTest -->
